  InitShader.cpp
c:\users\monster\desktop\extra submit\project\project\project\mat.h(756): warning C4244: '=': conversion from 'double' to 'GLfloat', possible loss of data
c:\users\monster\desktop\extra submit\project\project\project\mat.h(757): warning C4244: '=': conversion from 'double' to 'GLfloat', possible loss of data
c:\users\monster\desktop\extra submit\project\project\project\mat.h(758): warning C4244: '=': conversion from 'double' to 'GLfloat', possible loss of data
c:\users\monster\desktop\extra submit\project\project\project\mat.h(779): warning C4244: '=': conversion from 'double' to 'GLfloat', possible loss of data
c:\users\monster\desktop\extra submit\project\project\project\mat.h(781): warning C4244: '=': conversion from 'double' to 'GLfloat', possible loss of data
c:\users\monster\desktop\extra submit\project\project\project\mat.h(784): warning C4244: '=': conversion from 'double' to 'GLfloat', possible loss of data
c:\users\monster\desktop\extra submit\project\project\project\mat.h(801): warning C4244: '=': conversion from 'double' to 'GLfloat', possible loss of data
  Mesh.cpp
c:\users\monster\desktop\extra submit\project\project\project\mat.h(756): warning C4244: '=': conversion from 'double' to 'GLfloat', possible loss of data
c:\users\monster\desktop\extra submit\project\project\project\mat.h(757): warning C4244: '=': conversion from 'double' to 'GLfloat', possible loss of data
c:\users\monster\desktop\extra submit\project\project\project\mat.h(758): warning C4244: '=': conversion from 'double' to 'GLfloat', possible loss of data
c:\users\monster\desktop\extra submit\project\project\project\mat.h(779): warning C4244: '=': conversion from 'double' to 'GLfloat', possible loss of data
c:\users\monster\desktop\extra submit\project\project\project\mat.h(781): warning C4244: '=': conversion from 'double' to 'GLfloat', possible loss of data
c:\users\monster\desktop\extra submit\project\project\project\mat.h(784): warning C4244: '=': conversion from 'double' to 'GLfloat', possible loss of data
c:\users\monster\desktop\extra submit\project\project\project\mat.h(801): warning C4244: '=': conversion from 'double' to 'GLfloat', possible loss of data
Mesh.cpp(42): warning C4101: 'uvIndex': unreferenced local variable
  Source.cpp
c:\users\monster\desktop\extra submit\project\project\project\mat.h(756): warning C4244: '=': conversion from 'double' to 'GLfloat', possible loss of data
c:\users\monster\desktop\extra submit\project\project\project\mat.h(757): warning C4244: '=': conversion from 'double' to 'GLfloat', possible loss of data
c:\users\monster\desktop\extra submit\project\project\project\mat.h(758): warning C4244: '=': conversion from 'double' to 'GLfloat', possible loss of data
c:\users\monster\desktop\extra submit\project\project\project\mat.h(779): warning C4244: '=': conversion from 'double' to 'GLfloat', possible loss of data
c:\users\monster\desktop\extra submit\project\project\project\mat.h(781): warning C4244: '=': conversion from 'double' to 'GLfloat', possible loss of data
c:\users\monster\desktop\extra submit\project\project\project\mat.h(784): warning C4244: '=': conversion from 'double' to 'GLfloat', possible loss of data
c:\users\monster\desktop\extra submit\project\project\project\mat.h(801): warning C4244: '=': conversion from 'double' to 'GLfloat', possible loss of data
C:\Users\MONSTER\Desktop\extra submit\Project\Project\Project\OpenGL\include\glui.h(868): warning C4244: 'argument': conversion from 'double' to 'GLfloat', possible loss of data
Source.cpp(285): warning C4267: '=': conversion from 'size_t' to 'unsigned long', possible loss of data
Source.cpp(292): warning C4267: '=': conversion from 'size_t' to 'unsigned long', possible loss of data
Source.cpp(313): warning C4267: '=': conversion from 'size_t' to 'unsigned long', possible loss of data
Source.cpp(334): warning C4267: '=': conversion from 'size_t' to 'unsigned long', possible loss of data
Source.cpp(540): warning C4267: 'argument': conversion from 'size_t' to 'GLsizei', possible loss of data
Source.cpp(548): warning C4267: 'argument': conversion from 'size_t' to 'GLsizei', possible loss of data
Source.cpp(548): warning C4267: 'argument': conversion from 'size_t' to 'GLint', possible loss of data
Source.cpp(556): warning C4267: 'argument': conversion from 'size_t' to 'GLsizei', possible loss of data
Source.cpp(556): warning C4267: 'argument': conversion from 'size_t' to 'GLint', possible loss of data
Source.cpp(604): warning C4244: '+=': conversion from 'double' to 'GLfloat', possible loss of data
Source.cpp(617): warning C4244: '-=': conversion from 'double' to 'GLfloat', possible loss of data
  Generating code
  399 of 403 functions (99.0%) were compiled, the rest were copied from previous compilation.
    39 functions were new in current compilation
    0 functions had inline decision re-evaluated but remain unchanged
  Finished generating code
glui32.lib(algebra3.obj) : warning LNK4099: PDB '_glui library.pdb' was not found with 'glui32.lib(algebra3.obj)' or at 'C:\Users\MONSTER\Desktop\extra submit\Project\Project\x64\Release\_glui library.pdb'; linking object as if no debug info
glui32.lib(arcball.obj) : warning LNK4099: PDB '_glui library.pdb' was not found with 'glui32.lib(arcball.obj)' or at 'C:\Users\MONSTER\Desktop\extra submit\Project\Project\x64\Release\_glui library.pdb'; linking object as if no debug info
glui32.lib(glui.obj) : warning LNK4099: PDB '_glui library.pdb' was not found with 'glui32.lib(glui.obj)' or at 'C:\Users\MONSTER\Desktop\extra submit\Project\Project\x64\Release\_glui library.pdb'; linking object as if no debug info
glui32.lib(glui_add_controls.obj) : warning LNK4099: PDB '_glui library.pdb' was not found with 'glui32.lib(glui_add_controls.obj)' or at 'C:\Users\MONSTER\Desktop\extra submit\Project\Project\x64\Release\_glui library.pdb'; linking object as if no debug info
glui32.lib(glui_bitmaps.obj) : warning LNK4099: PDB '_glui library.pdb' was not found with 'glui32.lib(glui_bitmaps.obj)' or at 'C:\Users\MONSTER\Desktop\extra submit\Project\Project\x64\Release\_glui library.pdb'; linking object as if no debug info
glui32.lib(glui_bitmap_img_data.obj) : warning LNK4099: PDB '_glui library.pdb' was not found with 'glui32.lib(glui_bitmap_img_data.obj)' or at 'C:\Users\MONSTER\Desktop\extra submit\Project\Project\x64\Release\_glui library.pdb'; linking object as if no debug info
glui32.lib(glui_button.obj) : warning LNK4099: PDB '_glui library.pdb' was not found with 'glui32.lib(glui_button.obj)' or at 'C:\Users\MONSTER\Desktop\extra submit\Project\Project\x64\Release\_glui library.pdb'; linking object as if no debug info
glui32.lib(glui_checkbox.obj) : warning LNK4099: PDB '_glui library.pdb' was not found with 'glui32.lib(glui_checkbox.obj)' or at 'C:\Users\MONSTER\Desktop\extra submit\Project\Project\x64\Release\_glui library.pdb'; linking object as if no debug info
glui32.lib(glui_column.obj) : warning LNK4099: PDB '_glui library.pdb' was not found with 'glui32.lib(glui_column.obj)' or at 'C:\Users\MONSTER\Desktop\extra submit\Project\Project\x64\Release\_glui library.pdb'; linking object as if no debug info
glui32.lib(glui_control.obj) : warning LNK4099: PDB '_glui library.pdb' was not found with 'glui32.lib(glui_control.obj)' or at 'C:\Users\MONSTER\Desktop\extra submit\Project\Project\x64\Release\_glui library.pdb'; linking object as if no debug info
glui32.lib(glui_edittext.obj) : warning LNK4099: PDB '_glui library.pdb' was not found with 'glui32.lib(glui_edittext.obj)' or at 'C:\Users\MONSTER\Desktop\extra submit\Project\Project\x64\Release\_glui library.pdb'; linking object as if no debug info
glui32.lib(glui_listbox.obj) : warning LNK4099: PDB '_glui library.pdb' was not found with 'glui32.lib(glui_listbox.obj)' or at 'C:\Users\MONSTER\Desktop\extra submit\Project\Project\x64\Release\_glui library.pdb'; linking object as if no debug info
glui32.lib(glui_mouse_iaction.obj) : warning LNK4099: PDB '_glui library.pdb' was not found with 'glui32.lib(glui_mouse_iaction.obj)' or at 'C:\Users\MONSTER\Desktop\extra submit\Project\Project\x64\Release\_glui library.pdb'; linking object as if no debug info
glui32.lib(glui_node.obj) : warning LNK4099: PDB '_glui library.pdb' was not found with 'glui32.lib(glui_node.obj)' or at 'C:\Users\MONSTER\Desktop\extra submit\Project\Project\x64\Release\_glui library.pdb'; linking object as if no debug info
glui32.lib(glui_panel.obj) : warning LNK4099: PDB '_glui library.pdb' was not found with 'glui32.lib(glui_panel.obj)' or at 'C:\Users\MONSTER\Desktop\extra submit\Project\Project\x64\Release\_glui library.pdb'; linking object as if no debug info
glui32.lib(glui_radio.obj) : warning LNK4099: PDB '_glui library.pdb' was not found with 'glui32.lib(glui_radio.obj)' or at 'C:\Users\MONSTER\Desktop\extra submit\Project\Project\x64\Release\_glui library.pdb'; linking object as if no debug info
glui32.lib(glui_rollout.obj) : warning LNK4099: PDB '_glui library.pdb' was not found with 'glui32.lib(glui_rollout.obj)' or at 'C:\Users\MONSTER\Desktop\extra submit\Project\Project\x64\Release\_glui library.pdb'; linking object as if no debug info
glui32.lib(glui_rotation.obj) : warning LNK4099: PDB '_glui library.pdb' was not found with 'glui32.lib(glui_rotation.obj)' or at 'C:\Users\MONSTER\Desktop\extra submit\Project\Project\x64\Release\_glui library.pdb'; linking object as if no debug info
glui32.lib(glui_separator.obj) : warning LNK4099: PDB '_glui library.pdb' was not found with 'glui32.lib(glui_separator.obj)' or at 'C:\Users\MONSTER\Desktop\extra submit\Project\Project\x64\Release\_glui library.pdb'; linking object as if no debug info
glui32.lib(glui_spinner.obj) : warning LNK4099: PDB '_glui library.pdb' was not found with 'glui32.lib(glui_spinner.obj)' or at 'C:\Users\MONSTER\Desktop\extra submit\Project\Project\x64\Release\_glui library.pdb'; linking object as if no debug info
glui32.lib(glui_statictext.obj) : warning LNK4099: PDB '_glui library.pdb' was not found with 'glui32.lib(glui_statictext.obj)' or at 'C:\Users\MONSTER\Desktop\extra submit\Project\Project\x64\Release\_glui library.pdb'; linking object as if no debug info
glui32.lib(glui_string.obj) : warning LNK4099: PDB '_glui library.pdb' was not found with 'glui32.lib(glui_string.obj)' or at 'C:\Users\MONSTER\Desktop\extra submit\Project\Project\x64\Release\_glui library.pdb'; linking object as if no debug info
glui32.lib(glui_translation.obj) : warning LNK4099: PDB '_glui library.pdb' was not found with 'glui32.lib(glui_translation.obj)' or at 'C:\Users\MONSTER\Desktop\extra submit\Project\Project\x64\Release\_glui library.pdb'; linking object as if no debug info
glui32.lib(glui_window.obj) : warning LNK4099: PDB '_glui library.pdb' was not found with 'glui32.lib(glui_window.obj)' or at 'C:\Users\MONSTER\Desktop\extra submit\Project\Project\x64\Release\_glui library.pdb'; linking object as if no debug info
glui32.lib(quaternion.obj) : warning LNK4099: PDB '_glui library.pdb' was not found with 'glui32.lib(quaternion.obj)' or at 'C:\Users\MONSTER\Desktop\extra submit\Project\Project\x64\Release\_glui library.pdb'; linking object as if no debug info
  Project.vcxproj -> C:\Users\MONSTER\Desktop\extra submit\Project\Project\x64\Release\Project.exe
  Project.vcxproj -> C:\Users\MONSTER\Desktop\extra submit\Project\Project\x64\Release\Project.pdb (Full PDB)
